<?xml version="1.0" encoding="UTF-8"?>
<testsuite xmlns:xsi="http://www.w3.org/2001/XMLSchema-instance" xsi:noNamespaceSchemaLocation="https://maven.apache.org/surefire/maven-surefire-plugin/xsd/surefire-test-report.xsd" name="AmazonS3Test" time="0.829" tests="1" errors="1" skipped="0" failures="0">
  <properties>
    <property name="java.specification.version" value="18"/>
    <property name="sun.cpu.isalist" value="amd64"/>
    <property name="sun.jnu.encoding" value="Cp1252"/>
    <property name="java.class.path" value="C:\Users\Admin\Desktop\AWS\aws-doc-sdk-examples\javav2\example_code\s3\target\test-classes;C:\Users\Admin\Desktop\AWS\aws-doc-sdk-examples\javav2\example_code\s3\target\classes;C:\Users\Admin\.m2\repository\org\junit\jupiter\junit-jupiter-api\5.9.2\junit-jupiter-api-5.9.2.jar;C:\Users\Admin\.m2\repository\org\opentest4j\opentest4j\1.2.0\opentest4j-1.2.0.jar;C:\Users\Admin\.m2\repository\org\apiguardian\apiguardian-api\1.1.2\apiguardian-api-1.1.2.jar;C:\Users\Admin\.m2\repository\org\junit\jupiter\junit-jupiter-engine\5.9.2\junit-jupiter-engine-5.9.2.jar;C:\Users\Admin\.m2\repository\org\junit\platform\junit-platform-engine\1.9.2\junit-platform-engine-1.9.2.jar;C:\Users\Admin\.m2\repository\com\fasterxml\jackson\core\jackson-databind\2.14.2\jackson-databind-2.14.2.jar;C:\Users\Admin\.m2\repository\com\fasterxml\jackson\core\jackson-annotations\2.14.2\jackson-annotations-2.14.2.jar;C:\Users\Admin\.m2\repository\com\fasterxml\jackson\core\jackson-core\2.14.2\jackson-core-2.14.2.jar;C:\Users\Admin\.m2\repository\org\junit\platform\junit-platform-commons\1.9.2\junit-platform-commons-1.9.2.jar;C:\Users\Admin\.m2\repository\software\amazon\awssdk\crt\aws-crt\0.25.1\aws-crt-0.25.1.jar;C:\Users\Admin\.m2\repository\org\junit\platform\junit-platform-launcher\1.9.2\junit-platform-launcher-1.9.2.jar;C:\Users\Admin\.m2\repository\software\amazon\awssdk\s3\2.20.45\s3-2.20.45.jar;C:\Users\Admin\.m2\repository\software\amazon\awssdk\aws-xml-protocol\2.20.45\aws-xml-protocol-2.20.45.jar;C:\Users\Admin\.m2\repository\software\amazon\awssdk\aws-query-protocol\2.20.45\aws-query-protocol-2.20.45.jar;C:\Users\Admin\.m2\repository\software\amazon\awssdk\protocol-core\2.20.45\protocol-core-2.20.45.jar;C:\Users\Admin\.m2\repository\software\amazon\awssdk\arns\2.20.45\arns-2.20.45.jar;C:\Users\Admin\.m2\repository\software\amazon\awssdk\profiles\2.20.45\profiles-2.20.45.jar;C:\Users\Admin\.m2\repository\software\amazon\awssdk\crt-core\2.20.45\crt-core-2.20.45.jar;C:\Users\Admin\.m2\repository\software\amazon\awssdk\sdk-core\2.20.45\sdk-core-2.20.45.jar;C:\Users\Admin\.m2\repository\org\reactivestreams\reactive-streams\1.0.3\reactive-streams-1.0.3.jar;C:\Users\Admin\.m2\repository\software\amazon\awssdk\auth\2.20.45\auth-2.20.45.jar;C:\Users\Admin\.m2\repository\software\amazon\eventstream\eventstream\1.0.1\eventstream-1.0.1.jar;C:\Users\Admin\.m2\repository\software\amazon\awssdk\http-client-spi\2.20.45\http-client-spi-2.20.45.jar;C:\Users\Admin\.m2\repository\software\amazon\awssdk\regions\2.20.45\regions-2.20.45.jar;C:\Users\Admin\.m2\repository\software\amazon\awssdk\annotations\2.20.45\annotations-2.20.45.jar;C:\Users\Admin\.m2\repository\software\amazon\awssdk\utils\2.20.45\utils-2.20.45.jar;C:\Users\Admin\.m2\repository\software\amazon\awssdk\aws-core\2.20.45\aws-core-2.20.45.jar;C:\Users\Admin\.m2\repository\software\amazon\awssdk\metrics-spi\2.20.45\metrics-spi-2.20.45.jar;C:\Users\Admin\.m2\repository\software\amazon\awssdk\json-utils\2.20.45\json-utils-2.20.45.jar;C:\Users\Admin\.m2\repository\software\amazon\awssdk\endpoints-spi\2.20.45\endpoints-spi-2.20.45.jar;C:\Users\Admin\.m2\repository\software\amazon\awssdk\apache-client\2.20.45\apache-client-2.20.45.jar;C:\Users\Admin\.m2\repository\org\apache\httpcomponents\httpclient\4.5.13\httpclient-4.5.13.jar;C:\Users\Admin\.m2\repository\commons-logging\commons-logging\1.2\commons-logging-1.2.jar;C:\Users\Admin\.m2\repository\org\apache\httpcomponents\httpcore\4.4.13\httpcore-4.4.13.jar;C:\Users\Admin\.m2\repository\commons-codec\commons-codec\1.15\commons-codec-1.15.jar;C:\Users\Admin\.m2\repository\software\amazon\awssdk\netty-nio-client\2.20.45\netty-nio-client-2.20.45.jar;C:\Users\Admin\.m2\repository\io\netty\netty-codec-http\4.1.86.Final\netty-codec-http-4.1.86.Final.jar;C:\Users\Admin\.m2\repository\io\netty\netty-codec-http2\4.1.86.Final\netty-codec-http2-4.1.86.Final.jar;C:\Users\Admin\.m2\repository\io\netty\netty-codec\4.1.86.Final\netty-codec-4.1.86.Final.jar;C:\Users\Admin\.m2\repository\io\netty\netty-transport\4.1.86.Final\netty-transport-4.1.86.Final.jar;C:\Users\Admin\.m2\repository\io\netty\netty-resolver\4.1.86.Final\netty-resolver-4.1.86.Final.jar;C:\Users\Admin\.m2\repository\io\netty\netty-common\4.1.86.Final\netty-common-4.1.86.Final.jar;C:\Users\Admin\.m2\repository\io\netty\netty-buffer\4.1.86.Final\netty-buffer-4.1.86.Final.jar;C:\Users\Admin\.m2\repository\io\netty\netty-handler\4.1.86.Final\netty-handler-4.1.86.Final.jar;C:\Users\Admin\.m2\repository\io\netty\netty-transport-native-unix-common\4.1.86.Final\netty-transport-native-unix-common-4.1.86.Final.jar;C:\Users\Admin\.m2\repository\io\netty\netty-transport-classes-epoll\4.1.86.Final\netty-transport-classes-epoll-4.1.86.Final.jar;C:\Users\Admin\.m2\repository\software\amazon\awssdk\sso\2.20.45\sso-2.20.45.jar;C:\Users\Admin\.m2\repository\software\amazon\awssdk\aws-json-protocol\2.20.45\aws-json-protocol-2.20.45.jar;C:\Users\Admin\.m2\repository\software\amazon\awssdk\ssooidc\2.20.45\ssooidc-2.20.45.jar;C:\Users\Admin\.m2\repository\software\amazon\awssdk\third-party-jackson-core\2.20.45\third-party-jackson-core-2.20.45.jar;C:\Users\Admin\.m2\repository\software\amazon\awssdk\s3-transfer-manager\2.20.45\s3-transfer-manager-2.20.45.jar;C:\Users\Admin\.m2\repository\software\amazon\awssdk\kms\2.20.45\kms-2.20.45.jar;C:\Users\Admin\.m2\repository\software\amazon\awssdk\secretsmanager\2.20.45\secretsmanager-2.20.45.jar;C:\Users\Admin\.m2\repository\software\amazon\awssdk\s3control\2.20.45\s3control-2.20.45.jar;C:\Users\Admin\.m2\repository\org\apache\logging\log4j\log4j-core\2.20.0\log4j-core-2.20.0.jar;C:\Users\Admin\.m2\repository\org\apache\logging\log4j\log4j-api\2.20.0\log4j-api-2.20.0.jar;C:\Users\Admin\.m2\repository\org\apache\logging\log4j\log4j-slf4j2-impl\2.20.0\log4j-slf4j2-impl-2.20.0.jar;C:\Users\Admin\.m2\repository\org\slf4j\slf4j-api\2.0.6\slf4j-api-2.0.6.jar;C:\Users\Admin\.m2\repository\org\apache\commons\commons-lang3\3.12.0\commons-lang3-3.12.0.jar;C:\Users\Admin\.m2\repository\com\google\code\gson\gson\2.10.1\gson-2.10.1.jar;"/>
    <property name="java.vm.vendor" value="Oracle Corporation"/>
    <property name="sun.arch.data.model" value="64"/>
    <property name="user.variant" value=""/>
    <property name="java.vendor.url" value="https://java.oracle.com/"/>
    <property name="user.timezone" value="Asia/Bangkok"/>
    <property name="os.name" value="Windows 11"/>
    <property name="java.vm.specification.version" value="18"/>
    <property name="user.country" value="US"/>
    <property name="sun.java.launcher" value="SUN_STANDARD"/>
    <property name="sun.boot.library.path" value="C:\Program Files\Java\jdk-18.0.2.1\bin"/>
    <property name="sun.java.command" value="C:\Users\Admin\AppData\Local\Temp\surefire16198483198946434269\surefirebooter10841243440359361201.jar C:\Users\Admin\AppData\Local\Temp\surefire16198483198946434269 2023-10-12T19-59-35_573-jvmRun1 surefire15320630391259985648tmp surefire_02914157517756811189tmp"/>
    <property name="jdk.debug" value="release"/>
    <property name="surefire.test.class.path" value="C:\Users\Admin\Desktop\AWS\aws-doc-sdk-examples\javav2\example_code\s3\target\test-classes;C:\Users\Admin\Desktop\AWS\aws-doc-sdk-examples\javav2\example_code\s3\target\classes;C:\Users\Admin\.m2\repository\org\junit\jupiter\junit-jupiter-api\5.9.2\junit-jupiter-api-5.9.2.jar;C:\Users\Admin\.m2\repository\org\opentest4j\opentest4j\1.2.0\opentest4j-1.2.0.jar;C:\Users\Admin\.m2\repository\org\apiguardian\apiguardian-api\1.1.2\apiguardian-api-1.1.2.jar;C:\Users\Admin\.m2\repository\org\junit\jupiter\junit-jupiter-engine\5.9.2\junit-jupiter-engine-5.9.2.jar;C:\Users\Admin\.m2\repository\org\junit\platform\junit-platform-engine\1.9.2\junit-platform-engine-1.9.2.jar;C:\Users\Admin\.m2\repository\com\fasterxml\jackson\core\jackson-databind\2.14.2\jackson-databind-2.14.2.jar;C:\Users\Admin\.m2\repository\com\fasterxml\jackson\core\jackson-annotations\2.14.2\jackson-annotations-2.14.2.jar;C:\Users\Admin\.m2\repository\com\fasterxml\jackson\core\jackson-core\2.14.2\jackson-core-2.14.2.jar;C:\Users\Admin\.m2\repository\org\junit\platform\junit-platform-commons\1.9.2\junit-platform-commons-1.9.2.jar;C:\Users\Admin\.m2\repository\software\amazon\awssdk\crt\aws-crt\0.25.1\aws-crt-0.25.1.jar;C:\Users\Admin\.m2\repository\org\junit\platform\junit-platform-launcher\1.9.2\junit-platform-launcher-1.9.2.jar;C:\Users\Admin\.m2\repository\software\amazon\awssdk\s3\2.20.45\s3-2.20.45.jar;C:\Users\Admin\.m2\repository\software\amazon\awssdk\aws-xml-protocol\2.20.45\aws-xml-protocol-2.20.45.jar;C:\Users\Admin\.m2\repository\software\amazon\awssdk\aws-query-protocol\2.20.45\aws-query-protocol-2.20.45.jar;C:\Users\Admin\.m2\repository\software\amazon\awssdk\protocol-core\2.20.45\protocol-core-2.20.45.jar;C:\Users\Admin\.m2\repository\software\amazon\awssdk\arns\2.20.45\arns-2.20.45.jar;C:\Users\Admin\.m2\repository\software\amazon\awssdk\profiles\2.20.45\profiles-2.20.45.jar;C:\Users\Admin\.m2\repository\software\amazon\awssdk\crt-core\2.20.45\crt-core-2.20.45.jar;C:\Users\Admin\.m2\repository\software\amazon\awssdk\sdk-core\2.20.45\sdk-core-2.20.45.jar;C:\Users\Admin\.m2\repository\org\reactivestreams\reactive-streams\1.0.3\reactive-streams-1.0.3.jar;C:\Users\Admin\.m2\repository\software\amazon\awssdk\auth\2.20.45\auth-2.20.45.jar;C:\Users\Admin\.m2\repository\software\amazon\eventstream\eventstream\1.0.1\eventstream-1.0.1.jar;C:\Users\Admin\.m2\repository\software\amazon\awssdk\http-client-spi\2.20.45\http-client-spi-2.20.45.jar;C:\Users\Admin\.m2\repository\software\amazon\awssdk\regions\2.20.45\regions-2.20.45.jar;C:\Users\Admin\.m2\repository\software\amazon\awssdk\annotations\2.20.45\annotations-2.20.45.jar;C:\Users\Admin\.m2\repository\software\amazon\awssdk\utils\2.20.45\utils-2.20.45.jar;C:\Users\Admin\.m2\repository\software\amazon\awssdk\aws-core\2.20.45\aws-core-2.20.45.jar;C:\Users\Admin\.m2\repository\software\amazon\awssdk\metrics-spi\2.20.45\metrics-spi-2.20.45.jar;C:\Users\Admin\.m2\repository\software\amazon\awssdk\json-utils\2.20.45\json-utils-2.20.45.jar;C:\Users\Admin\.m2\repository\software\amazon\awssdk\endpoints-spi\2.20.45\endpoints-spi-2.20.45.jar;C:\Users\Admin\.m2\repository\software\amazon\awssdk\apache-client\2.20.45\apache-client-2.20.45.jar;C:\Users\Admin\.m2\repository\org\apache\httpcomponents\httpclient\4.5.13\httpclient-4.5.13.jar;C:\Users\Admin\.m2\repository\commons-logging\commons-logging\1.2\commons-logging-1.2.jar;C:\Users\Admin\.m2\repository\org\apache\httpcomponents\httpcore\4.4.13\httpcore-4.4.13.jar;C:\Users\Admin\.m2\repository\commons-codec\commons-codec\1.15\commons-codec-1.15.jar;C:\Users\Admin\.m2\repository\software\amazon\awssdk\netty-nio-client\2.20.45\netty-nio-client-2.20.45.jar;C:\Users\Admin\.m2\repository\io\netty\netty-codec-http\4.1.86.Final\netty-codec-http-4.1.86.Final.jar;C:\Users\Admin\.m2\repository\io\netty\netty-codec-http2\4.1.86.Final\netty-codec-http2-4.1.86.Final.jar;C:\Users\Admin\.m2\repository\io\netty\netty-codec\4.1.86.Final\netty-codec-4.1.86.Final.jar;C:\Users\Admin\.m2\repository\io\netty\netty-transport\4.1.86.Final\netty-transport-4.1.86.Final.jar;C:\Users\Admin\.m2\repository\io\netty\netty-resolver\4.1.86.Final\netty-resolver-4.1.86.Final.jar;C:\Users\Admin\.m2\repository\io\netty\netty-common\4.1.86.Final\netty-common-4.1.86.Final.jar;C:\Users\Admin\.m2\repository\io\netty\netty-buffer\4.1.86.Final\netty-buffer-4.1.86.Final.jar;C:\Users\Admin\.m2\repository\io\netty\netty-handler\4.1.86.Final\netty-handler-4.1.86.Final.jar;C:\Users\Admin\.m2\repository\io\netty\netty-transport-native-unix-common\4.1.86.Final\netty-transport-native-unix-common-4.1.86.Final.jar;C:\Users\Admin\.m2\repository\io\netty\netty-transport-classes-epoll\4.1.86.Final\netty-transport-classes-epoll-4.1.86.Final.jar;C:\Users\Admin\.m2\repository\software\amazon\awssdk\sso\2.20.45\sso-2.20.45.jar;C:\Users\Admin\.m2\repository\software\amazon\awssdk\aws-json-protocol\2.20.45\aws-json-protocol-2.20.45.jar;C:\Users\Admin\.m2\repository\software\amazon\awssdk\ssooidc\2.20.45\ssooidc-2.20.45.jar;C:\Users\Admin\.m2\repository\software\amazon\awssdk\third-party-jackson-core\2.20.45\third-party-jackson-core-2.20.45.jar;C:\Users\Admin\.m2\repository\software\amazon\awssdk\s3-transfer-manager\2.20.45\s3-transfer-manager-2.20.45.jar;C:\Users\Admin\.m2\repository\software\amazon\awssdk\kms\2.20.45\kms-2.20.45.jar;C:\Users\Admin\.m2\repository\software\amazon\awssdk\secretsmanager\2.20.45\secretsmanager-2.20.45.jar;C:\Users\Admin\.m2\repository\software\amazon\awssdk\s3control\2.20.45\s3control-2.20.45.jar;C:\Users\Admin\.m2\repository\org\apache\logging\log4j\log4j-core\2.20.0\log4j-core-2.20.0.jar;C:\Users\Admin\.m2\repository\org\apache\logging\log4j\log4j-api\2.20.0\log4j-api-2.20.0.jar;C:\Users\Admin\.m2\repository\org\apache\logging\log4j\log4j-slf4j2-impl\2.20.0\log4j-slf4j2-impl-2.20.0.jar;C:\Users\Admin\.m2\repository\org\slf4j\slf4j-api\2.0.6\slf4j-api-2.0.6.jar;C:\Users\Admin\.m2\repository\org\apache\commons\commons-lang3\3.12.0\commons-lang3-3.12.0.jar;C:\Users\Admin\.m2\repository\com\google\code\gson\gson\2.10.1\gson-2.10.1.jar;"/>
    <property name="sun.cpu.endian" value="little"/>
    <property name="user.home" value="C:\Users\Admin"/>
    <property name="user.language" value="en"/>
    <property name="java.specification.vendor" value="Oracle Corporation"/>
    <property name="java.version.date" value="2022-08-18"/>
    <property name="java.home" value="C:\Program Files\Java\jdk-18.0.2.1"/>
    <property name="file.separator" value="\"/>
    <property name="basedir" value="C:\Users\Admin\Desktop\AWS\aws-doc-sdk-examples\javav2\example_code\s3"/>
    <property name="java.vm.compressedOopsMode" value="Zero based"/>
    <property name="line.separator" value="&#10;"/>
    <property name="java.vm.specification.vendor" value="Oracle Corporation"/>
    <property name="java.specification.name" value="Java Platform API Specification"/>
    <property name="surefire.real.class.path" value="C:\Users\Admin\AppData\Local\Temp\surefire16198483198946434269\surefirebooter10841243440359361201.jar"/>
    <property name="user.script" value=""/>
    <property name="sun.management.compiler" value="HotSpot 64-Bit Tiered Compilers"/>
    <property name="java.runtime.version" value="18.0.2.1+1-1"/>
    <property name="user.name" value="Admin"/>
    <property name="path.separator" value=";"/>
    <property name="os.version" value="10.0"/>
    <property name="java.runtime.name" value="Java(TM) SE Runtime Environment"/>
    <property name="file.encoding" value="UTF-8"/>
    <property name="java.vm.name" value="Java HotSpot(TM) 64-Bit Server VM"/>
    <property name="maven.ext.class.path" value="C:\Program Files\NetBeans-13\netbeans\java\maven-nblib\netbeans-eventspy.jar"/>
    <property name="localRepository" value="C:\Users\Admin\.m2\repository"/>
    <property name="java.vendor.url.bug" value="https://bugreport.java.com/bugreport/"/>
    <property name="java.io.tmpdir" value="C:\Users\Admin\AppData\Local\Temp\"/>
    <property name="java.version" value="18.0.2.1"/>
    <property name="user.dir" value="C:\Users\Admin\Desktop\AWS\aws-doc-sdk-examples\javav2\example_code\s3"/>
    <property name="os.arch" value="amd64"/>
    <property name="java.vm.specification.name" value="Java Virtual Machine Specification"/>
    <property name="sun.os.patch.level" value=""/>
    <property name="native.encoding" value="Cp1252"/>
    <property name="java.library.path" value="C:\Program Files\Java\jdk-18.0.2.1\bin;C:\WINDOWS\Sun\Java\bin;C:\WINDOWS\system32;C:\WINDOWS;C:\Program Files\Common Files\Oracle\Java\javapath;C:\Program Files (x86)\Common Files\Oracle\Java\javapath;C:\Windows\system32;C:\Windows;C:\Windows\System32\Wbem;C:\Windows\System32\WindowsPowerShell\v1.0\;C:\Windows\System32\OpenSSH\;C:\Program Files (x86)\NVIDIA Corporation\PhysX\Common;C:\Program Files\NVIDIA Corporation\NVIDIA NvDLISR;C:\MinGW\bin;C:\Program Files (x86)\Microsoft SQL Server\160\Tools\Binn\;C:\Program Files\Microsoft SQL Server\160\Tools\Binn\;C:\Program Files\Microsoft SQL Server\Client SDK\ODBC\170\Tools\Binn\;C:\Program Files\Microsoft SQL Server\160\DTS\Binn\;C:\Program Files\Azure Data Studio\bin;C:\WINDOWS\system32;C:\WINDOWS;C:\WINDOWS\System32\Wbem;C:\WINDOWS\System32\WindowsPowerShell\v1.0\;C:\Program Files\Java\jdk1.8.0\bin;C:\WINDOWS\System32\OpenSSH\;C:\Program Files\Java\jdk1.8.0\bin;C:\Program Files (x86)\Microsoft SQL Server\150\Tools\Binn\;C:\Program Files\Microsoft SQL Server\150\Tools\Binn\;C:\Program Files (x86)\Microsoft SQL Server\150\DTS\Binn\;C:\Program Files\Microsoft SQL Server\150\DTS\Binn\;C:\Program Files\nodejs\;C:\Program Files\Git\cmd;C:\Users\Admin\AppData\Local\Microsoft\WindowsApps;C:\Users\Admin\AppData\Local\Programs\Microsoft VS Code\bin;C:\Users\Admin\AppData\Local\GitHubDesktop\bin;C:\Program Files\Azure Data Studio\bin;C:\Users\Admin\AppData\Roaming\npm;."/>
    <property name="java.vm.info" value="mixed mode, sharing"/>
    <property name="java.vendor" value="Oracle Corporation"/>
    <property name="java.vm.version" value="18.0.2.1+1-1"/>
    <property name="sun.io.unicode.encoding" value="UnicodeLittle"/>
    <property name="java.class.version" value="62.0"/>
  </properties>
  <testcase name="AmazonS3Test" classname="AmazonS3Test" time="0.828">
    <error message="Unable to load credentials from system settings. Access key must be specified either via environment variable (AWS_ACCESS_KEY_ID) or system property (aws.accessKeyId)." type="software.amazon.awssdk.core.exception.SdkClientException">software.amazon.awssdk.core.exception.SdkClientException: Unable to load credentials from system settings. Access key must be specified either via environment variable (AWS_ACCESS_KEY_ID) or system property (aws.accessKeyId).
	at AmazonS3Test.getSecretValues(AmazonS3Test.java:401)
	at AmazonS3Test.setUp(AmazonS3Test.java:116)
</error>
  </testcase>
</testsuite>